<?xml version="1.0" encoding="UTF-8"?>
<!-- Generated by org.testng.reporters.JUnitReportReporter -->
<testsuite hostname="MallikaMahesh" failures="0" tests="2" name="QATests.SwagLabsLogin" time="4.408" errors="0" timestamp="2024-01-23T17:20:57 EST" skipped="0">
  <testcase classname="QATests.SwagLabsLogin" name="Login_01" time="2.729"/>
  <system-out/>
  <testcase classname="QATests.SwagLabsLogin" name="Login_02" time="1.679"/>
  <system-out/>
</testsuite> <!-- QATests.SwagLabsLogin -->
